  🧰 Calling Tool...
     call_00_P3JhQyirx7V4on4T7EBqjXfF | Call write_to_file {"file": {"path": "sql/insert_routes_data.sql", "content": "-- Insert all data from route.json into the routes table\nINSERT INTO routes (path, filter_schema, table_name, active_sources, params, filters, data_schema, cols, groups, sorts, source_configs) V
ALUES\n('/api/v1/autodebit/mandate-processing-detail', '{\"$schema\": \"https://json-schema.org/draft/2020-12/schema\", \"type\": \"object\", \"properties\": {\"entity_name\": {\"type\": \"string\"}, \"frequency_type\": {\"type\": [\"string\", \"null\"]}, \"start_date\": {\"type\": \"string\", \"format\": \"date\
"}, \"end_date\": {\"type\": \"string\", \"format\": \"date\"}}, \"required\": [\"entity_name\", \"start_date\", \"end_date\"], \"additionalProperties\": false}', 'mandate_processing_detail', '[\"sample\"]', 'frequency_type,entity_name', 'frequency_type LIKE %s AND product_name LIKE %s', NULL, NULL, NULL, NULL, N
ULL),\n\n('/api/v1/autodebit/mandate-processing-summary', '{\"$schema\": \"https://json-schema.org/draft/2020-12/schema\", \"type\": \"object\", \"properties\": {\"entity_name\": {\"type\": \"string\"}, \"frequency_type\": {\"type\": [\"string\", \"null\"]}, \"start_date\": {\"type\": \"string\", \"format\": \"da
te\"}, \"end_date\": {\"type\": \"string\", \"format\": \"date\"}}, \"required\": [\"entity_name\", \"start_date\", \"end_date\"], \"additionalProperties\": false}', 'mandate_processing_summary', '[\"sample\"]', NULL, NULL, NULL, NULL, NULL, NULL, NULL),\n\n('/api/v1/autodebit/mandate-success-rate', '{\"$schema\"
: \"https://json-schema.org/draft/2020-12/schema\", \"type\": \"object\", \"properties\": {\"entity_name\": {\"type\": \"string\"}, \"frequency_type\": {\"type\": [\"string\", \"null\"]}, \"start_date\": {\"type\": \"string\", \"format\": \"date\"}, \"end_date\": {\"type\": \"string\", \"format\": \"date\"}}, \"r
equired\": [\"entity_name\", \"start_date\", \"end_date\"], \"additionalProperties\": false}', 'mandate_success_rate', '[\"sample\"]', NULL, NULL, NULL, NULL, NULL, NULL, NULL),\n\n('/api/v1/autodebit/autodebit-transaction-detail', '{\"$schema\": \"https://json-schema.org/draft/2020-12/schema\", \"type\": \"objec
t\", \"properties\": {\"entity_name\": {\"type\": \"string\"}, \"frequency_type\": {\"type\": [\"string\", \"null\"]}, \"start_date\": {\"type\": \"string\", \"format\": \"date\"}, \"end_date\": {\"type\": \"string\", \"format\": \"date\"}}, \"required\": [\"entity_name\", \"start_date\", \"end_date\"], \"additio
nalProperties\": false}', 'autodebit_transaction_detail', '[\"sample\"]', NULL, NULL, NULL, NULL, NULL, NULL, NULL),\n\n('/api/v1/autodebit/autodebit-transaction-retry-sum', '{\"$schema\": \"https://json-schema.org/draft/2020-12/schema\", \"type\": \"object\", \"properties\": {\"entity_name\": {\"type\": \"string
\"}, \"frequency_type\": {\"type\": [\"string\", \"null\"]}, \"start_date\": {\"type\": \"string\", \"format\": \"date\"}, \"end_date\": {\"type\": \"string\", \"format\": \"date\"}}, \"required\": [\"entity_name\", \"start_date\", \"end_date\"], \"additionalProperties\": false}', 'autodebit_transaction_retry_sum
', '[\"sample\"]', NULL, NULL, NULL, NULL, NULL, NULL, NULL),\n\n('/api/v1/autodebit/autodebit-top-failure-reasons', '{\"$schema\": \"https://json-schema.org/draft/2020-12/schema\", \"type\": \"object\", \"properties\": {\"entity_name\": {\"type\": \"string\"}, \"frequency_type\": {\"type\": [\"string\", \"null\"
]}, \"start_date\": {\"type\": \"string\", \"format\": \"date\"}, \"end_date\": {\"type\": \"string\", \"format\": \"date\"}}, \"required\": [\"entity_name\", \"start_date\", \"end_date\"], \"additionalProperties\": false}', 'autodebit_top_failure_reasons', '[\"sample\"]', NULL, NULL, NULL, NULL, NULL, NULL, NULL
),\n\n('/api/v1/autodebit/autodebit-success-rate', '{\"$schema\": \"https://json-schema.org/draft/2020-12/schema\", \"type\": \"object\", \"properties\": {\"entity_name\": {\"type\": \"string\"}, \"frequency_type\": {\"type\": [\"string\", \"null\"]}, \"start_date\": {\"type\": \"string\", \"format\": \"date\"},
\"end_date\": {\"type\": \"string\", \"format\": \"date\"}}, \"required\": [\"entity_name\", \"start_date\", \"end_date\"], \"additionalProperties\": false}', 'autodebit_success_rate', '[\"sample\"]', NULL, NULL, NULL, NULL, NULL, NULL, NULL),\n\n('/api/v1/autodebit/autodebit-top-failure-products', '{\"$schema\":
 \"https://json-schema.org/draft/2020-12/schema\", \"type\": \"object\", \"properties\": {\"entity_name\": {\"type\": \"string\"}, \"frequency_type\": {\"type\": [\"string\", \"null\"]}, \"start_date\": {\"type\": \"string\", \"format\": \"date\"}, \"end_date\": {\"type\": \"string\", \"format\": \"date\"}}, \"re
quired\": [\"entity_name\", \"start_date\", \"end_date\"], \"additionalProperties\": false}', 'autodebit_top_failure_products', '[\"sample\"]', NULL, NULL, NULL, NULL, NULL, NULL, NULL),\n\n('/api/v1/autodebit/autodebit-transaction-detail/{id}', '{\"$schema\": \"https://json-schema.org/draft/2020-12/schema\", \"t
ype\": \"object\", \"properties\": {\"id\": {\"type\": \"integer\"}}, \"required\": [\"id\"], \"additionalProperties\": false, \"title\": \"BookRequest\"}', 'autodebit_transaction_detail_per_id', '[\"sample\"]', NULL, NULL, NULL, NULL, NULL, NULL, NULL),\n\n('/api/v1/billpayment/daily-sales-orders', '{\"$schema\"
: \"https://json-schema.org/draft/2020-12/schema\", \"type\": \"object\", \"properties\": {\"start_date\": {\"type\": \"string\", \"format\": \"date\"}, \"end_date\": {\"type\": \"string\", \"format\": \"date\"}}, \"required\": [\"start_date\", \"end_date\"], \"additionalProperties\": false}', 'bpay_daily_sales_o
rders', '[\"sample\"]', NULL, NULL, NULL, NULL, NULL, NULL, NULL),\n\n('/api/v1/billpayment/hourly-sales-orders', '{\"$schema\": \"https://json-schema.org/draft/2020-12/schema\", \"type\": \"object\", \"properties\": {\"start_time\": {\"type\": \"string\", \"format\": \"date-time\"}, \"end_time\": {\"type\": \"st
ring\", \"format\": \"date-time\"}}, \"required\": [\"start_time\", \"end_time\"], \"additionalProperties\": false}', 'bpay_hourly_sales_orders', '[\"sample\"]', NULL, NULL, NULL, NULL, NULL, NULL, NULL),\n\n('/api/v1/billpayment/summary-transaction', '{\"$schema\": \"https://json-schema.org/draft/2020-12/schema\
", \"type\": \"object\", \"properties\": {\"start_date\": {\"type\": \"string\", \"format\": \"date\"}, \"end_date\": {\"type\": \"string\", \"format\": \"date\"}, \"aggregator_ids\": {\"type\": [\"string\", \"null\"]}, \"product_ids\": {\"type\": [\"string\", \"null\"]}, \"sku_ids\": {\"type\": [\"string\", \"nu
ll\"]}}, \"required\": [\"start_date\", \"end_date\"], \"additionalProperties\": false}', 'bpay_summary_transaction', '[\"sample\"]', NULL, NULL, NULL, NULL, NULL, NULL, NULL),\n\n('/api/v1/billpayment/transaction-detail', '{\"$schema\": \"https://json-schema.org/draft/2020-12/schema\", \"type\": \"object\", \"pr
operties\": {\"start_date\": {\"type\": \"string\", \"format\": \"date\"}, \"end_date\": {\"type\": \"string\", \"format\": \"date\"}, \"aggregator_ids\": {\"type\": [\"string\", \"null\"]}, \"product_ids\": {\"type\": [\"string\", \"null\"]}, \"sku_ids\": {\"type\": [\"string\", \"null\"]}, \"limit\": {\"type\":
 \"integer\"}, \"offset\": {\"type\": \"integer\"}}, \"required\": [\"start_date\", \"end_date\", \"limit\", \"offset\"], \"additionalProperties\": false}', 'bpay_transaction_detail', '[\"sample\"]', NULL, NULL, NULL, NULL, NULL, NULL, NULL),\n\n('/api/v1/test', '{\"$schema\": \"https://json-schema.org/draft/2020
-12/schema\", \"type\": \"object\", \"properties\": {\"keyword\": {\"type\": \"string\"}, \"sort\": {\"type\": \"string\", \"default\": \"1\"}}, \"required\": [\"keyword\"], \"additionalProperties\": false, \"title\": \"EmployeeRequest\"}', 'employees', '[\"sample\", \"olap\"]', 'keyword', 'first_name like %s', '
{\"$schema\": \"https://json-schema.org/draft/2020-12/schema\", \"title\": \"Employee\", \"type\": \"object\", \"properties\": {\"employee_id\": {\"type\": \"integer\"}, \"first_name\": {\"type\": \"string\"}, \"last_name\": {\"type\": \"string\"}, \"email\": {\"type\": \"string\", \"format\": \"email\"}, \"phone
_number\": {\"type\": \"string\"}, \"hire_date\": {\"type\": \"string\", \"format\": \"date-time\"}, \"job_id\": {\"type\": \"string\"}, \"salary\": {\"type\": \"string\"}, \"department_id\": {\"type\": \"integer\"}}, \"required\": [\"employee_id\", \"first_name\", \"last_name\", \"email\", \"hire_date\", \"job_i
d\", \"salary\", \"department_id\"], \"additionalProperties\": false}', '*', NULL, '{sort}', '{\"olap\": {\"table\": \"edm.employees\", \"sorts\": \"{sort}\"}}');"}
     call_00_P3JhQyirx7V4on4T7EBqjXfF | [{'type': 'json_invalid', 'loc': (), 'msg': 'Invalid JSON: EOF while parsing an object at line 1 column 8583', 'input': '{"file": {"path": "sql/insert_routes_data.sql", "content": "-- Insert all data from route.json into the routes table\\nINSERT INTO routes (path, filter_s
chema, table_name, active_sources, params, filters, data_schema, cols, groups, sorts, source_configs) VALUES\\n(\'/api/v1/autodebit/mandate-processing-detail\', \'{\\"$schema\\": \\"https://json-schema.org/draft/2020-12/schema\\", \\"type\\": \\"object\\", \\"properties\\": {\\"entity_name\\": {\\"type\\": \\"str
ing\\"}, \\"frequency_type\\": {\\"type\\": [\\"string\\", \\"null\\"]}, \\"start_date\\": {\\"type\\": \\"string\\", \\"format\\": \\"date\\"}, \\"end_date\\": {\\"type\\": \\"string\\", \\"format\\": \\"date\\"}}, \\"required\\": [\\"entity_name\\", \\"start_date\\", \\"end_date\\"], \\"additionalProperties\\":
 false}\', \'mandate_processing_detail\', \'[\\"sample\\"]\', \'frequency_type,entity_name\', \'frequency_type LIKE %s AND product_name LIKE %s\', NULL, NULL, NULL, NULL, NULL),\\n\\n(\'/api/v1/autodebit/mandate-processing-summary\', \'{\\"$schema\\": \\"https://json-schema.org/draft/2020-12/schema\\", \\"type\\"
: \\"object\\", \\"properties\\": {\\"entity_name\\": {\\"type\\": \\"string\\"}, \\"frequency_type\\": {\\"type\\": [\\"string\\", \\"null\\"]}, \\"start_date\\": {\\"type\\": \\"string\\", \\"format\\": \\"date\\"}, \\"end_date\\": {\\"type\\": \\"string\\", \\"format\\": \\"date\\"}}, \\"required\\": [\\"entit
y_name\\", \\"start_date\\", \\"end_date\\"], \\"additionalProperties\\": false}\', \'mandate_processing_summary\', \'[\\"sample\\"]\', NULL, NULL, NULL, NULL, NULL, NULL, NULL),\\n\\n(\'/api/v1/autodebit/mandate-success-rate\', \'{\\"$schema\\": \\"https://json-schema.org/draft/2020-12/schema\\", \\"type\\": \\"
object\\", \\"properties\\": {\\"entity_name\\": {\\"type\\": \\"string\\"}, \\"frequency_type\\": {\\"type\\": [\\"string\\", \\"null\\"]}, \\"start_date\\": {\\"type\\": \\"string\\", \\"format\\": \\"date\\"}, \\"end_date\\": {\\"type\\": \\"string\\", \\"format\\": \\"date\\"}}, \\"required\\": [\\"entity_nam
e\\", \\"start_date\\", \\"end_date\\"], \\"additionalProperties\\": false}\', \'mandate_success_rate\', \'[\\"sample\\"]\', NULL, NULL, NULL, NULL, NULL, NULL, NULL),\\n\\n(\'/api/v1/autodebit/autodebit-transaction-detail\', \'{\\"$schema\\": \\"https://json-schema.org/draft/2020-12/schema\\", \\"type\\": \\"obj
ect\\", \\"properties\\": {\\"entity_name\\": {\\"type\\": \\"string\\"}, \\"frequency_type\\": {\\"type\\": [\\"string\\", \\"null\\"]}, \\"start_date\\": {\\"type\\": \\"string\\", \\"format\\": \\"date\\"}, \\"end_date\\": {\\"type\\": \\"string\\", \\"format\\": \\"date\\"}}, \\"required\\": [\\"entity_name\\
", \\"start_date\\", \\"end_date\\"], \\"additionalProperties\\": false}\', \'autodebit_transaction_detail\', \'[\\"sample\\"]\', NULL, NULL, NULL, NULL, NULL, NULL, NULL),\\n\\n(\'/api/v1/autodebit/autodebit-transaction-retry-sum\', \'{\\"$schema\\": \\"https://json-schema.org/draft/2020-12/schema\\", \\"type\\"
: \\"object\\", \\"properties\\": {\\"entity_name\\": {\\"type\\": \\"string\\"}, \\"frequency_type\\": {\\"type\\": [\\"string\\", \\"null\\"]}, \\"start_date\\": {\\"type\\": \\"string\\", \\"format\\": \\"date\\"}, \\"end_date\\": {\\"type\\": \\"string\\", \\"format\\": \\"date\\"}}, \\"required\\": [\\"entit
y_name\\", \\"start_date\\", \\"end_date\\"], \\"additionalProperties\\": false}\', \'autodebit_transaction_retry_sum\', \'[\\"sample\\"]\', NULL, NULL, NULL, NULL, NULL, NULL, NULL),\\n\\n(\'/api/v1/autodebit/autodebit-top-failure-reasons\', \'{\\"$schema\\": \\"https://json-schema.org/draft/2020-12/schema\\", \
\"type\\": \\"object\\", \\"properties\\": {\\"entity_name\\": {\\"type\\": \\"string\\"}, \\"frequency_type\\": {\\"type\\": [\\"string\\", \\"null\\"]}, \\"start_date\\": {\\"type\\": \\"string\\", \\"format\\": \\"date\\"}, \\"end_date\\": {\\"type\\": \\"string\\", \\"format\\": \\"date\\"}}, \\"required\\":
[\\"entity_name\\", \\"start_date\\", \\"end_date\\"], \\"additionalProperties\\": false}\', \'autodebit_top_failure_reasons\', \'[\\"sample\\"]\', NULL, NULL, NULL, NULL, NULL, NULL, NULL),\\n\\n(\'/api/v1/autodebit/autodebit-success-rate\', \'{\\"$schema\\": \\"https://json-schema.org/draft/2020-12/schema\\", \
\"type\\": \\"object\\", \\"properties\\": {\\"entity_name\\": {\\"type\\": \\"string\\"}, \\"frequency_type\\": {\\"type\\": [\\"string\\", \\"null\\"]}, \\"start_date\\": {\\"type\\": \\"string\\", \\"format\\": \\"date\\"}, \\"end_date\\": {\\"type\\": \\"string\\", \\"format\\": \\"date\\"}}, \\"required\\":
[\\"entity_name\\", \\"start_date\\", \\"end_date\\"], \\"additionalProperties\\": false}\', \'autodebit_success_rate\', \'[\\"sample\\"]\', NULL, NULL, NULL, NULL, NULL, NULL, NULL),\\n\\n(\'/api/v1/autodebit/autodebit-top-failure-products\', \'{\\"$schema\\": \\"https://json-schema.org/draft/2020-12/schema\\",
\\"type\\": \\"object\\", \\"properties\\": {\\"entity_name\\": {\\"type\\": \\"string\\"}, \\"frequency_type\\": {\\"type\\": [\\"string\\", \\"null\\"]}, \\"start_date\\": {\\"type\\": \\"string\\", \\"format\\": \\"date\\"}, \\"end_date\\": {\\"type\\": \\"string\\", \\"format\\": \\"date\\"}}, \\"required\\":
 [\\"entity_name\\", \\"start_date\\", \\"end_date\\"], \\"additionalProperties\\": false}\', \'autodebit_top_failure_products\', \'[\\"sample\\"]\', NULL, NULL, NULL, NULL, NULL, NULL, NULL),\\n\\n(\'/api/v1/autodebit/autodebit-transaction-detail/{id}\', \'{\\"$schema\\": \\"https://json-schema.org/draft/2020-12
/schema\\", \\"type\\": \\"object\\", \\"properties\\": {\\"id\\": {\\"type\\": \\"integer\\"}}, \\"required\\": [\\"id\\"], \\"additionalProperties\\": false, \\"title\\": \\"BookRequest\\"}\', \'autodebit_transaction_detail_per_id\', \'[\\"sample\\"]\', NULL, NULL, NULL, NULL, NULL, NULL, NULL),\\n\\n(\'/api/v1
/billpayment/daily-sales-orders\', \'{\\"$schema\\": \\"https://json-schema.org/draft/2020-12/schema\\", \\"type\\": \\"object\\", \\"properties\\": {\\"start_date\\": {\\"type\\": \\"string\\", \\"format\\": \\"date\\"}, \\"end_date\\": {\\"type\\": \\"string\\", \\"format\\": \\"date\\"}}, \\"required\\": [\\"s
tart_date\\", \\"end_date\\"], \\"additionalProperties\\": false}\', \'bpay_daily_sales_orders\', \'[\\"sample\\"]\', NULL, NULL, NULL, NULL, NULL, NULL, NULL),\\n\\n(\'/api/v1/billpayment/hourly-sales-orders\', \'{\\"$schema\\": \\"https://json-schema.org/draft/2020-12/schema\\", \\"type\\": \\"object\\", \\"pro
perties\\": {\\"start_time\\": {\\"type\\": \\"string\\", \\"format\\": \\"date-time\\"}, \\"end_time\\": {\\"type\\": \\"string\\", \\"format\\": \\"date-time\\"}}, \\"required\\": [\\"start_time\\", \\"end_time\\"], \\"additionalProperties\\": false}\', \'bpay_hourly_sales_orders\', \'[\\"sample\\"]\', NULL, NU
LL, NULL, NULL, NULL, NULL, NULL),\\n\\n(\'/api/v1/billpayment/summary-transaction\', \'{\\"$schema\\": \\"https://json-schema.org/draft/2020-12/schema\\", \\"type\\": \\"object\\", \\"properties\\": {\\"start_date\\": {\\"type\\": \\"string\\", \\"format\\": \\"date\\"}, \\"end_date\\": {\\"type\\": \\"string\\"
, \\"format\\": \\"date\\"}, \\"aggregator_ids\\": {\\"type\\": [\\"string\\", \\"null\\"]}, \\"product_ids\\": {\\"type\\": [\\"string\\", \\"null\\"]}, \\"sku_ids\\": {\\"type\\": [\\"string\\", \\"null\\"]}}, \\"required\\": [\\"start_date\\", \\"end_date\\"], \\"additionalProperties\\": false}\', \'bpay_summa
ry_transaction\', \'[\\"sample\\"]\', NULL, NULL, NULL, NULL, NULL, NULL, NULL),\\n\\n(\'/api/v1/billpayment/transaction-detail\', \'{\\"$schema\\": \\"https://json-schema.org/draft/2020-12/schema\\", \\"type\\": \\"object\\", \\"properties\\": {\\"start_date\\": {\\"type\\": \\"string\\", \\"format\\": \\"date\\
"}, \\"end_date\\": {\\"type\\": \\"string\\", \\"format\\": \\"date\\"}, \\"aggregator_ids\\": {\\"type\\": [\\"string\\", \\"null\\"]}, \\"product_ids\\": {\\"type\\": [\\"string\\", \\"null\\"]}, \\"sku_ids\\": {\\"type\\": [\\"string\\", \\"null\\"]}, \\"limit\\": {\\"type\\": \\"integer\\"}, \\"offset\\": {\
\"type\\": \\"integer\\"}}, \\"required\\": [\\"start_date\\", \\"end_date\\", \\"limit\\", \\"offset\\"], \\"additionalProperties\\": false}\', \'bpay_transaction_detail\', \'[\\"sample\\"]\', NULL, NULL, NULL, NULL, NULL, NULL, NULL),\\n\\n(\'/api/v1/test\', \'{\\"$schema\\": \\"https://json-schema.org/draft/20
20-12/schema\\", \\"type\\": \\"object\\", \\"properties\\": {\\"keyword\\": {\\"type\\": \\"string\\"}, \\"sort\\": {\\"type\\": \\"string\\", \\"default\\": \\"1\\"}}, \\"required\\": [\\"keyword\\"], \\"additionalProperties\\": false, \\"title\\": \\"EmployeeRequest\\"}\', \'employees\', \'[\\"sample\\", \\"ol
ap\\"]\', \'keyword\', \'first_name like %s\', \'{\\"$schema\\": \\"https://json-schema.org/draft/2020-12/schema\\", \\"title\\": \\"Employee\\", \\"type\\": \\"object\\", \\"properties\\": {\\"employee_id\\": {\\"type\\": \\"integer\\"}, \\"first_name\\": {\\"type\\": \\"string\\"}, \\"last_name\\": {\\"type\\":
 \\"string\\"}, \\"email\\": {\\"type\\": \\"string\\", \\"format\\": \\"email\\"}, \\"phone_number\\": {\\"type\\": \\"string\\"}, \\"hire_date\\": {\\"type\\": \\"string\\", \\"format\\": \\"date-time\\"}, \\"job_id\\": {\\"type\\": \\"string\\"}, \\"salary\\": {\\"type\\": \\"string\\"}, \\"department_id\\": {
\\"type\\": \\"integer\\"}}, \\"required\\": [\\"employee_id\\", \\"first_name\\", \\"last_name\\", \\"email\\", \\"hire_date\\", \\"job_id\\", \\"salary\\", \\"department_id\\"], \\"additionalProperties\\": false}\', \'*\', NULL, \'{sort}\', \'{\\"olap\\": {\\"table\\": \\"edm.employees\\", \\"sorts\\": \\"{sort
}\\"}}\');"}'}]
  🧠 Processing...
     The content is too long and complex. Let me break it down and create a simpler approach by creating multiple INSERT statements: ...(more)
